<?xml version="1.0" encoding="UTF-8"?>
<!-- Generated by org.testng.reporters.JUnitReportReporter -->
<testsuite skipped="0" hostname="DESKTOP-M29LCV2" name="com.com.tests.ItemsTest" tests="4" failures="0" timestamp="18 May 2017 13:45:24 GMT" time="0.587" errors="0">
  <testcase name="verPageItems" time="0.022" classname="com.com.tests.ItemsTest"/>
  <testcase name="verPrice" time="0.151" classname="com.com.tests.ItemsTest"/>
  <testcase name="verDesp" time="0.264" classname="com.com.tests.ItemsTest"/>
  <testcase name="verImages" time="0.150" classname="com.com.tests.ItemsTest"/>
</testsuite> <!-- com.com.tests.ItemsTest -->
