<?xml version="1.0" encoding="UTF-8"?>
<!-- Generated by org.testng.reporters.JUnitReportReporter -->
<testsuite skipped="0" hostname="DESKTOP-M29LCV2" name="com.com.tests.EmailTest" tests="2" failures="0" timestamp="18 May 2017 13:45:24 GMT" time="1.787" errors="0">
  <testcase name="verPageTitle" time="0.025" classname="com.com.tests.EmailTest"/>
  <testcase name="VfyEmail" time="1.762" classname="com.com.tests.EmailTest"/>
</testsuite> <!-- com.com.tests.EmailTest -->
